<?xml version="1.0" encoding="UTF-8"?>
<!-- Generated by org.testng.reporters.JUnitReportReporter -->
<testsuite hostname="Raguvaran" failures="0" tests="1" name="testCases.TC_002_LoginTest" time="1.864" errors="0" timestamp="2024-01-20T10:37:05 IST" skipped="0">
  <testcase classname="testCases.TC_002_LoginTest" name="test_login" time="1.864"/>
  <system-out/>
</testsuite> <!-- testCases.TC_002_LoginTest -->
