<?xml version="1.0" encoding="UTF-8"?>
<!-- Generated by org.testng.reporters.JUnitReportReporter -->
<testsuite hostname="Raguvaran" failures="0" tests="4" name="testCases.TC_003_LoginDataDrivenTest" time="46.544" errors="0" timestamp="2024-01-17T18:33:12 IST" skipped="0">
  <testcase classname="testCases.TC_003_LoginDataDrivenTest" name="verify_loginDDT" time="21.458"/>
  <system-out/>
  <testcase classname="testCases.TC_003_LoginDataDrivenTest" name="verify_loginDDT" time="1.951"/>
  <system-out/>
  <testcase classname="testCases.TC_003_LoginDataDrivenTest" name="verify_loginDDT" time="21.353"/>
  <system-out/>
  <testcase classname="testCases.TC_003_LoginDataDrivenTest" name="verify_loginDDT" time="1.782"/>
  <system-out/>
</testsuite> <!-- testCases.TC_003_LoginDataDrivenTest -->
