<?xml version="1.0" encoding="UTF-8"?>
<!-- Generated by org.testng.reporters.JUnitReportReporter -->
<testsuite hostname="Raguvaran" failures="0" tests="1" name="testCases.TC_002_LoginTest" time="2.066" errors="0" timestamp="2024-02-16T09:43:44 IST" skipped="0">
  <testcase classname="testCases.TC_002_LoginTest" name="test_login" time="2.066"/>
  <system-out/>
</testsuite> <!-- testCases.TC_002_LoginTest -->
