<?xml version="1.0" encoding="UTF-8"?>
<!-- Generated by org.testng.reporters.JUnitReportReporter -->
<testsuite hostname="Raguvaran" failures="0" tests="1" name="testCases.TC_002_LoginTest" time="1.753" errors="0" timestamp="2024-02-15T14:06:29 IST" skipped="0">
  <testcase classname="testCases.TC_002_LoginTest" name="test_login" time="1.753"/>
  <system-out/>
</testsuite> <!-- testCases.TC_002_LoginTest -->
