<?xml version="1.0" encoding="UTF-8"?>
<!-- Generated by org.testng.reporters.JUnitReportReporter -->
<testsuite hostname="Raguvaran" failures="0" tests="1" name="testCases.TC_001_AccountRegistrationTest" time="4.355" errors="0" timestamp="2024-02-15T14:06:29 IST" skipped="0">
  <testcase classname="testCases.TC_001_AccountRegistrationTest" name="test_Account_Registration" time="4.355"/>
  <system-out/>
</testsuite> <!-- testCases.TC_001_AccountRegistrationTest -->
